Mon Jul 14 10:34:10 IST 2014
webonise-desktop
Linux webonise-desktop 3.5.0-23-generic #35~precise1-Ubuntu SMP Fri Jan 25 17:13:26 UTC 2013 x86_64 x86_64 x86_64 GNU/Linux
/home/webonise
webonise tty7         2014-07-14 10:00
webonise pts/2        2014-07-14 10:33 (:0.0)
root
daemon
bin
sys
sync
games
man
lp
mail
news
uucp
proxy
www-data
backup
list
irc
gnats
nobody
libuuid
syslog
messagebus
colord
lightdm
whoopsie
avahi-autoipd
avahi
usbmux
kernoops
pulse
rtkit
speech-dispatcher
hplip
saned
webonise
mysql
mongodb
